

Started GET "/assets/rails.png" for 127.0.0.1 at 2012-01-07 11:03:40 -0500
Served asset /rails.png - 304 Not Modified (5ms)


Started GET "/" for 127.0.0.1 at 2012-01-07 11:10:40 -0500

ActionController::RoutingError (No route matches [GET] "/"):
  

Rendered /Users/johnwest/.rvm/gems/ruby-1.9.2-p290/gems/actionpack-3.1.3/lib/action_dispatch/middleware/templates/rescues/routing_error.erb within rescues/layout (0.8ms)
  [1m[36m (22.3ms)[0m  [1mBEGIN[0m


Started GET "/users" for 127.0.0.1 at 2012-01-07 12:53:06 -0500
  [1m[36m (0.2ms)[0m  [1mSHOW search_path[0m
  Processing by UsersController#index as HTML
PGError: ERROR:  relation "users" does not exist
LINE 4:              WHERE a.attrelid = '"users"'::regclass
                                        ^
:             SELECT a.attname, format_type(a.atttypid, a.atttypmod), d.adsrc, a.attnotnull
              FROM pg_attribute a LEFT JOIN pg_attrdef d
                ON a.attrelid = d.adrelid AND a.attnum = d.adnum
             WHERE a.attrelid = '"users"'::regclass
               AND a.attnum > 0 AND NOT a.attisdropped
             ORDER BY a.attnum
Completed 500 Internal Server Error in 22ms

ActiveRecord::StatementInvalid (PGError: ERROR:  relation "users" does not exist
LINE 4:              WHERE a.attrelid = '"users"'::regclass
                                        ^
:             SELECT a.attname, format_type(a.atttypid, a.atttypmod), d.adsrc, a.attnotnull
              FROM pg_attribute a LEFT JOIN pg_attrdef d
                ON a.attrelid = d.adrelid AND a.attnum = d.adnum
             WHERE a.attrelid = '"users"'::regclass
               AND a.attnum > 0 AND NOT a.attisdropped
             ORDER BY a.attnum
):
  app/controllers/users_controller.rb:4:in `index'

Rendered /Users/johnwest/.rvm/gems/ruby-1.9.2-p290/gems/actionpack-3.1.3/lib/action_dispatch/middleware/templates/rescues/_trace.erb (1.4ms)
Rendered /Users/johnwest/.rvm/gems/ruby-1.9.2-p290/gems/actionpack-3.1.3/lib/action_dispatch/middleware/templates/rescues/_request_and_response.erb (1.0ms)
Rendered /Users/johnwest/.rvm/gems/ruby-1.9.2-p290/gems/actionpack-3.1.3/lib/action_dispatch/middleware/templates/rescues/diagnostics.erb within rescues/layout (35.1ms)


Started GET "/user" for 127.0.0.1 at 2012-01-07 12:53:23 -0500

ActionController::RoutingError (No route matches [GET] "/user"):
  

Rendered /Users/johnwest/.rvm/gems/ruby-1.9.2-p290/gems/actionpack-3.1.3/lib/action_dispatch/middleware/templates/rescues/routing_error.erb within rescues/layout (0.6ms)


Started GET "/users" for 127.0.0.1 at 2012-01-07 12:53:26 -0500
  Processing by UsersController#index as HTML
PGError: ERROR:  relation "users" does not exist
LINE 4:              WHERE a.attrelid = '"users"'::regclass
                                        ^
:             SELECT a.attname, format_type(a.atttypid, a.atttypmod), d.adsrc, a.attnotnull
              FROM pg_attribute a LEFT JOIN pg_attrdef d
                ON a.attrelid = d.adrelid AND a.attnum = d.adnum
             WHERE a.attrelid = '"users"'::regclass
               AND a.attnum > 0 AND NOT a.attisdropped
             ORDER BY a.attnum
Completed 500 Internal Server Error in 1ms

ActiveRecord::StatementInvalid (PGError: ERROR:  relation "users" does not exist
LINE 4:              WHERE a.attrelid = '"users"'::regclass
                                        ^
:             SELECT a.attname, format_type(a.atttypid, a.atttypmod), d.adsrc, a.attnotnull
              FROM pg_attribute a LEFT JOIN pg_attrdef d
                ON a.attrelid = d.adrelid AND a.attnum = d.adnum
             WHERE a.attrelid = '"users"'::regclass
               AND a.attnum > 0 AND NOT a.attisdropped
             ORDER BY a.attnum
):
  app/controllers/users_controller.rb:4:in `index'

Rendered /Users/johnwest/.rvm/gems/ruby-1.9.2-p290/gems/actionpack-3.1.3/lib/action_dispatch/middleware/templates/rescues/_trace.erb (1.4ms)
Rendered /Users/johnwest/.rvm/gems/ruby-1.9.2-p290/gems/actionpack-3.1.3/lib/action_dispatch/middleware/templates/rescues/_request_and_response.erb (1.0ms)
Rendered /Users/johnwest/.rvm/gems/ruby-1.9.2-p290/gems/actionpack-3.1.3/lib/action_dispatch/middleware/templates/rescues/diagnostics.erb within rescues/layout (4.7ms)
  [1m[36m (0.1ms)[0m  [1mSHOW search_path[0m
  [1m[35m (314.0ms)[0m  CREATE TABLE "schema_migrations" ("version" character varying(255) NOT NULL) 
  [1m[36m (66.6ms)[0m  [1m SELECT distinct i.relname, d.indisunique, d.indkey, t.oid
 FROM pg_class t
 INNER JOIN pg_index d ON t.oid = d.indrelid
 INNER JOIN pg_class i ON d.indexrelid = i.oid
 WHERE i.relkind = 'i'
 AND d.indisprimary = 'f'
 AND t.relname = 'schema_migrations'
 AND i.relnamespace IN (SELECT oid FROM pg_namespace WHERE nspname = ANY (current_schemas(false)) )
 ORDER BY i.relname
[0m
  [1m[35m (26.2ms)[0m  CREATE UNIQUE INDEX "unique_schema_migrations" ON "schema_migrations" ("version")
  [1m[36m (0.5ms)[0m  [1mSELECT "schema_migrations"."version" FROM "schema_migrations" [0m
Migrating to CreateUsers (20120107172132)
  [1m[35m (0.1ms)[0m  BEGIN
  [1m[36m (71.6ms)[0m  [1mCREATE TABLE "users" ("id" serial primary key, "username" character varying(255), "created_at" timestamp, "updated_at" timestamp) [0m
  [1m[35m (0.5ms)[0m  INSERT INTO "schema_migrations" ("version") VALUES ('20120107172132')
  [1m[36m (0.6ms)[0m  [1mCOMMIT[0m
Migrating to CreateArticles (20120107172812)
  [1m[35m (0.1ms)[0m  BEGIN
  [1m[36m (5.8ms)[0m  [1mCREATE TABLE "articles" ("id" serial primary key, "title" character varying(255), "abstract" text, "full_text" text, "url" character varying(255), "created_at" timestamp, "updated_at" timestamp) [0m
  [1m[35m (22.9ms)[0m  INSERT INTO "schema_migrations" ("version") VALUES ('20120107172812')
  [1m[36m (0.9ms)[0m  [1mCOMMIT[0m
Migrating to CreateSharedArticles (20120107172939)
  [1m[35m (0.2ms)[0m  BEGIN
  [1m[36m (58.3ms)[0m  [1mCREATE TABLE "shared_articles" ("id" serial primary key, "blurb" text, "created_at" timestamp, "updated_at" timestamp) [0m
  [1m[35m (0.2ms)[0m  INSERT INTO "schema_migrations" ("version") VALUES ('20120107172939')
  [1m[36m (0.7ms)[0m  [1mCOMMIT[0m
  [1m[35m (0.1ms)[0m  SHOW search_path
  [1m[36m (0.3ms)[0m  [1mSELECT "schema_migrations"."version" FROM "schema_migrations" [0m
  [1m[35m (1.7ms)[0m   SELECT distinct i.relname, d.indisunique, d.indkey, t.oid
 FROM pg_class t
 INNER JOIN pg_index d ON t.oid = d.indrelid
 INNER JOIN pg_class i ON d.indexrelid = i.oid
 WHERE i.relkind = 'i'
 AND d.indisprimary = 'f'
 AND t.relname = 'articles'
 AND i.relnamespace IN (SELECT oid FROM pg_namespace WHERE nspname = ANY (current_schemas(false)) )
 ORDER BY i.relname
  [1m[36m (0.9ms)[0m  [1m SELECT distinct i.relname, d.indisunique, d.indkey, t.oid
 FROM pg_class t
 INNER JOIN pg_index d ON t.oid = d.indrelid
 INNER JOIN pg_class i ON d.indexrelid = i.oid
 WHERE i.relkind = 'i'
 AND d.indisprimary = 'f'
 AND t.relname = 'shared_articles'
 AND i.relnamespace IN (SELECT oid FROM pg_namespace WHERE nspname = ANY (current_schemas(false)) )
 ORDER BY i.relname
[0m
  [1m[35m (0.7ms)[0m   SELECT distinct i.relname, d.indisunique, d.indkey, t.oid
 FROM pg_class t
 INNER JOIN pg_index d ON t.oid = d.indrelid
 INNER JOIN pg_class i ON d.indexrelid = i.oid
 WHERE i.relkind = 'i'
 AND d.indisprimary = 'f'
 AND t.relname = 'users'
 AND i.relnamespace IN (SELECT oid FROM pg_namespace WHERE nspname = ANY (current_schemas(false)) )
 ORDER BY i.relname


Started GET "/users" for 127.0.0.1 at 2012-01-07 12:59:05 -0500
  Processing by UsersController#index as HTML
  [1m[35mUser Load (0.4ms)[0m  SELECT "users".* FROM "users" 
Rendered users/index.html.haml within layouts/application (4.3ms)
Compiled application.css  (3ms)  (pid 7238)
Compiled articles.css  (39ms)  (pid 7238)
Compiled reset.css  (8ms)  (pid 7238)
Compiled scaffolds.css  (51ms)  (pid 7238)
Compiled shared_articles.css  (14ms)  (pid 7238)
Compiled users.css  (0ms)  (pid 7238)
Compiled application.js  (5ms)  (pid 7238)
Compiled jquery.js  (72ms)  (pid 7238)
Compiled jquery_ujs.js  (0ms)  (pid 7238)
Compiled articles.js  (515ms)  (pid 7238)
Compiled shared_articles.js  (181ms)  (pid 7238)
Compiled users.js  (163ms)  (pid 7238)
Completed 200 OK in 1236ms (Views: 1234.8ms | ActiveRecord: 0.4ms)


Started GET "/assets/application.css?body=1" for 127.0.0.1 at 2012-01-07 12:59:06 -0500
Served asset /application.css - 200 OK (0ms)


Started GET "/assets/jquery.js?body=1" for 127.0.0.1 at 2012-01-07 12:59:06 -0500
Served asset /jquery.js - 304 Not Modified (40ms)


Started GET "/assets/articles.css?body=1" for 127.0.0.1 at 2012-01-07 12:59:06 -0500
Served asset /articles.css - 304 Not Modified (2ms)


Started GET "/assets/reset.css?body=1" for 127.0.0.1 at 2012-01-07 12:59:06 -0500
Served asset /reset.css - 200 OK (2ms)


Started GET "/assets/shared_articles.css?body=1" for 127.0.0.1 at 2012-01-07 12:59:06 -0500
Served asset /shared_articles.css - 200 OK (6ms)


Started GET "/assets/scaffolds.css?body=1" for 127.0.0.1 at 2012-01-07 12:59:06 -0500
Served asset /scaffolds.css - 200 OK (3ms)


Started GET "/assets/users.css?body=1" for 127.0.0.1 at 2012-01-07 12:59:06 -0500
Served asset /users.css - 304 Not Modified (3ms)


Started GET "/assets/jquery_ujs.js?body=1" for 127.0.0.1 at 2012-01-07 12:59:06 -0500
Served asset /jquery_ujs.js - 304 Not Modified (2ms)


Started GET "/assets/shared_articles.js?body=1" for 127.0.0.1 at 2012-01-07 12:59:06 -0500
Served asset /shared_articles.js - 200 OK (4ms)


Started GET "/assets/articles.js?body=1" for 127.0.0.1 at 2012-01-07 12:59:06 -0500
Served asset /articles.js - 304 Not Modified (2ms)


Started GET "/assets/users.js?body=1" for 127.0.0.1 at 2012-01-07 12:59:06 -0500
Served asset /users.js - 304 Not Modified (2ms)


Started GET "/assets/application.js?body=1" for 127.0.0.1 at 2012-01-07 12:59:06 -0500
Served asset /application.js - 304 Not Modified (0ms)


Started GET "/users/new" for 127.0.0.1 at 2012-01-07 12:59:09 -0500
  Processing by UsersController#new as HTML
Rendered users/_form.html.haml (14.2ms)
Rendered users/new.html.haml within layouts/application (54.3ms)
Completed 200 OK in 65ms (Views: 62.3ms | ActiveRecord: 1.5ms)


Started GET "/assets/users.css?body=1" for 127.0.0.1 at 2012-01-07 12:59:09 -0500
Served asset /users.css - 304 Not Modified (0ms)


Started GET "/assets/application.css?body=1" for 127.0.0.1 at 2012-01-07 12:59:09 -0500
Served asset /application.css - 304 Not Modified (0ms)


Started GET "/assets/articles.css?body=1" for 127.0.0.1 at 2012-01-07 12:59:09 -0500
Served asset /articles.css - 304 Not Modified (0ms)


Started GET "/assets/reset.css?body=1" for 127.0.0.1 at 2012-01-07 12:59:09 -0500
Served asset /reset.css - 304 Not Modified (0ms)


Started GET "/assets/scaffolds.css?body=1" for 127.0.0.1 at 2012-01-07 12:59:09 -0500
Served asset /scaffolds.css - 304 Not Modified (0ms)


Started GET "/assets/shared_articles.css?body=1" for 127.0.0.1 at 2012-01-07 12:59:09 -0500
Served asset /shared_articles.css - 304 Not Modified (0ms)


Started GET "/assets/articles.js?body=1" for 127.0.0.1 at 2012-01-07 12:59:09 -0500
Served asset /articles.js - 304 Not Modified (0ms)


Started GET "/assets/jquery.js?body=1" for 127.0.0.1 at 2012-01-07 12:59:09 -0500
Served asset /jquery.js - 304 Not Modified (0ms)


Started GET "/assets/shared_articles.js?body=1" for 127.0.0.1 at 2012-01-07 12:59:09 -0500
Served asset /shared_articles.js - 304 Not Modified (0ms)


Started GET "/assets/users.js?body=1" for 127.0.0.1 at 2012-01-07 12:59:09 -0500
Served asset /users.js - 304 Not Modified (0ms)


Started GET "/assets/jquery_ujs.js?body=1" for 127.0.0.1 at 2012-01-07 12:59:09 -0500
Served asset /jquery_ujs.js - 304 Not Modified (0ms)


Started GET "/assets/application.js?body=1" for 127.0.0.1 at 2012-01-07 12:59:09 -0500
Served asset /application.js - 304 Not Modified (0ms)
